0 info it worked if it ends with ok
1 verbose cli [ 'c:\\Program Files\\nodejs\\node.exe',
1 verbose cli   'c:\\Program Files\\nodejs\\node_modules\\npm\\bin\\npm-cli.js',
1 verbose cli   'publish' ]
2 info using npm@1.4.28
3 info using node@v0.10.32
4 verbose publish [ '.' ]
5 verbose cache add [ '.', null ]
6 verbose cache add name=undefined spec="." args=[".",null]
7 verbose parsed url { protocol: null,
7 verbose parsed url   slashes: null,
7 verbose parsed url   auth: null,
7 verbose parsed url   host: null,
7 verbose parsed url   port: null,
7 verbose parsed url   hostname: null,
7 verbose parsed url   hash: null,
7 verbose parsed url   search: null,
7 verbose parsed url   query: null,
7 verbose parsed url   pathname: '.',
7 verbose parsed url   path: '.',
7 verbose parsed url   href: '.' }
8 silly lockFile 3a52ce78- .
9 verbose lock . C:\Users\pyrsmk\AppData\Roaming\npm-cache\3a52ce78-.lock
10 verbose tar pack [ 'C:\\Users\\pyrsmk\\AppData\\Roaming\\npm-cache\\nut\\0.4.1\\package.tgz',
10 verbose tar pack   '.' ]
11 verbose tarball C:\Users\pyrsmk\AppData\Roaming\npm-cache\nut\0.4.1\package.tgz
12 verbose folder .
13 info prepublish nut@0.4.1
14 silly lockFile 1f1177db-tar tar://.
15 verbose lock tar://. C:\Users\pyrsmk\AppData\Roaming\npm-cache\1f1177db-tar.lock
16 silly lockFile e0044906--npm-cache-nut-0-4-1-package-tgz tar://C:\Users\pyrsmk\AppData\Roaming\npm-cache\nut\0.4.1\package.tgz
17 verbose lock tar://C:\Users\pyrsmk\AppData\Roaming\npm-cache\nut\0.4.1\package.tgz C:\Users\pyrsmk\AppData\Roaming\npm-cache\e0044906--npm-cache-nut-0-4-1-package-tgz.lock
18 silly lockFile 1f1177db-tar tar://.
19 silly lockFile 1f1177db-tar tar://.
20 silly lockFile e0044906--npm-cache-nut-0-4-1-package-tgz tar://C:\Users\pyrsmk\AppData\Roaming\npm-cache\nut\0.4.1\package.tgz
21 silly lockFile e0044906--npm-cache-nut-0-4-1-package-tgz tar://C:\Users\pyrsmk\AppData\Roaming\npm-cache\nut\0.4.1\package.tgz
22 silly lockFile 4c3557d8-ming-npm-cache-nut-0-4-1-package C:\Users\pyrsmk\AppData\Roaming\npm-cache\nut\0.4.1\package
23 verbose lock C:\Users\pyrsmk\AppData\Roaming\npm-cache\nut\0.4.1\package C:\Users\pyrsmk\AppData\Roaming\npm-cache\4c3557d8-ming-npm-cache-nut-0-4-1-package.lock
24 silly lockFile 4c3557d8-ming-npm-cache-nut-0-4-1-package C:\Users\pyrsmk\AppData\Roaming\npm-cache\nut\0.4.1\package
25 silly lockFile 4c3557d8-ming-npm-cache-nut-0-4-1-package C:\Users\pyrsmk\AppData\Roaming\npm-cache\nut\0.4.1\package
26 silly lockFile 3a52ce78- .
27 silly lockFile 3a52ce78- .
28 silly publish { name: 'nut',
28 silly publish   description: 'The concise CSS selector engine',
28 silly publish   version: '0.4.1',
28 silly publish   author:
28 silly publish    { name: 'Aurélien Delogu',
28 silly publish      email: 'pyrsmk@dreamysource.fr',
28 silly publish      url: 'http://dreamysource.fr' },
28 silly publish   repository: { type: 'git', url: 'https://github.com/pyrsmk/nut.git' },
28 silly publish   main: 'src/nut.js',
28 silly publish   ender: 'src/ender.js',
28 silly publish   keywords: [ 'css', 'selector', 'engine', 'ender' ],
28 silly publish   license: 'MIT',
28 silly publish   bugs:
28 silly publish    { url: 'https://github.com/pyrsmk/nut/issues',
28 silly publish      email: 'dev@dreamysource.fr' },
28 silly publish   homepage: 'http://dreamysource.fr/product/nut',
28 silly publish   devDependencies:
28 silly publish    { grunt: '~0.4.4',
28 silly publish      'grunt-contrib-clean': '~0.5.0',
28 silly publish      'grunt-contrib-jshint': '~0.9.2',
28 silly publish      'grunt-contrib-uglify': '~0.4.0' },
28 silly publish   readme: 'nut 0.4.1\r\n=========\r\n\r\nNut is a concise query selector engine that just allows you to do extremely simple queries.\r\n\r\nQuickly\r\n-------\r\n\r\nHey, the [names](https://github.com/pyrsmk/nut/tree/names) branch supports `name` attributes! Thanks to [Crydust](https://github.com/Crydust) ;)\r\n\r\nOh jeez, another engine?!\r\n-------------------------\r\n\r\nNut aims to be minimal to have a very tiny footprint and extreme velocity based on the observation that much of CSS requests could be kept as simple as possible since javascript is able to handle a lot of things. It is most of the time faster than `querySelectorAll` and then faster than all selector engines. Nut does not implement request caching, to avoid unecessary code additions and performance loss, because the user can easily keep a request and pass it as a context to another request.\r\n\r\nUse\r\n---\r\n\r\nHere\'s it can handle :\r\n\r\n```\r\n#foo\r\nsection\r\n.bar p\r\nsection #foo .bar p\r\ndiv, #foo, .bar\r\n```\r\n\r\nAnd here\'s it can\'t :\r\n\r\n```\r\ndiv *\r\ndiv#foo div.bar\r\ndiv > p\r\ndiv + p\r\n```\r\n\r\nSo, all pseudo-classes, attribute selectors and other advanced syntax are not allowed. But, let\'s dig in it :\r\n\r\n```javascript\r\n// Return an array\r\nnut(\'#foo\');\r\n```\r\n\r\nOf course, queries can have a context :\r\n\r\n```javascript\r\n// Get nodes from the #foo context\r\nnut(\'.bar p\',nut(\'#foo\')[0]);\r\n```\r\n\r\nAnd that\'s all you need to know ;)\r\n\r\nEnder integration\r\n-----------------\r\n\r\nNut is compatible with [ender](http://ender.jit.su) and supports some useful syntax.\r\n\r\nSelecting nodes, as usually:\r\n\r\n```javascript\r\n$(\'#foo\');\r\n$(\'.bar p\',$(\'#foo\')[0]);\r\n```\r\n\r\nSelecting existing nodes:\r\n\r\n```javascript\r\nvar nodes=$(\'.bar\');\r\n$(nodes);\r\n```\r\n\r\nLicense\r\n-------\r\n\r\nNut is published under the [MIT license](http://dreamysource.mit-license.org).\r\n',
28 silly publish   readmeFilename: 'README.markdown',
28 silly publish   gitHead: 'aa14c619811c2f3d8a35b1fd27438076588a8f26',
28 silly publish   _id: 'nut@0.4.1',
28 silly publish   scripts: {},
28 silly publish   _shasum: '9db7c0524f273b242069adf75170c970edea97c9',
28 silly publish   _from: '.' }
29 error need auth auth and email required for publishing
29 error need auth You need to authorize this machine using `npm adduser`
30 error System Windows_NT 6.2.9200
31 error command "c:\\Program Files\\nodejs\\node.exe" "c:\\Program Files\\nodejs\\node_modules\\npm\\bin\\npm-cli.js" "publish"
32 error cwd D:\Dev\JavaScript\nut
33 error node -v v0.10.32
34 error npm -v 1.4.28
35 error code ENEEDAUTH
36 verbose exit [ 1, true ]
